<?xml version="1.0" encoding="UTF-8"?>
<!-- Generated by org.testng.reporters.JUnitReportReporter -->
<testsuite hostname="LAPTOP-PLI6FT9P" failures="0" tests="1" name="com.Automation.Cucumber.AppTest" time="0.017" errors="0" timestamp="2020-10-04T15:34:34 IST" skipped="0">
  <testcase classname="com.Automation.Cucumber.AppTest" name="testApp" time="0.017"/>
  <system-out/>
</testsuite> <!-- com.Automation.Cucumber.AppTest -->
